<?xml version="1.0" encoding="utf-8" standalone="no"?>
<!--This file represents the results of running a test suite-->
<test-results name="C:\Users\afahe\Documents\GitHub\AutomationSeleniumNunitSample\ConsoleApp3\ConsoleApp3\bin\Debug\ConsoleApp3.exe" total="2" errors="0" failures="0" not-run="0" inconclusive="0" ignored="0" skipped="0" invalid="0" date="2017-10-07" time="14:39:52">
  <environment nunit-version="2.6.3.13283" clr-version="2.0.50727.8794" os-version="Microsoft Windows NT 6.2.9200.0" platform="Win32NT" cwd="C:\NunitTesting\NUnit-2.6.3\bin" machine-name="DESKTOP-I6A8LRP" user="afahe" user-domain="DESKTOP-I6A8LRP" />
  <culture-info current-culture="en-US" current-uiculture="en-US" />
  <test-suite type="Assembly" name="C:\Users\afahe\Documents\GitHub\AutomationSeleniumNunitSample\ConsoleApp3\ConsoleApp3\bin\Debug\ConsoleApp3.exe" executed="True" result="Success" success="True" time="10.258" asserts="0">
    <results>
      <test-suite type="Namespace" name="ConsoleApp3" executed="True" result="Success" success="True" time="10.246" asserts="0">
        <results>
          <test-suite type="TestFixture" name="WebDriverTest" executed="True" result="Success" success="True" time="10.242" asserts="0">
            <results>
              <test-case name="ConsoleApp3.WebDriverTest.SampleTest" executed="True" result="Success" success="True" time="3.564" asserts="0" />
              <test-case name="ConsoleApp3.WebDriverTest.sampletestwebdriver" executed="True" result="Success" success="True" time="6.661" asserts="0" />
            </results>
          </test-suite>
        </results>
      </test-suite>
    </results>
  </test-suite>
</test-results>